wall/run : WALL_MASTER_DOCUMENT 
wall/run : WALL_MASTER_ACCEPT_TIMEOUT 20
wall/run : WALL_MASTER_DATA_CLIENT_PORT 50800
wall/run : WALL_MASTER_PORT 50730
wall/run : WALL_MASTER_HOST guys-macbook-pro.home
warning : run /usr/local/wall/1.23.0/bin/wall_master_Cocoa.app/Contents/MacOS/wall_master_Cocoa &
starting screen program (0,0) on not_used with port 50730, monitor 0, full_screen 0...
window_y 550
2018-12-15 21:31:41.907 wall_master_Cocoa[7862:1299526] debug : wall_master_Cocoa : 032
wall_master : arg host is "guys-macbook-pro.home".
wall_master : port is 50730.
inlib::inet_socket:::bind : host : "guys-macbook-pro.home".
2018-12-15 21:31:41.908 wall_screen_Cocoa[7863:1299528] wall_screen : monitor is 0.
2018-12-15 21:31:41.908 wall_screen_Cocoa[7863:1299528] wall::screen_client::initialize : master_host is "guys-macbook-pro.home".
2018-12-15 21:31:41.908 wall_screen_Cocoa[7863:1299528] wall::screen_client::initialize : port is 50730.
inlib::inet_socket:::bind : on host : guys-macbook-pro.home socket is bound on port 50730.
inlib::inet_socket:::bind : on host : guys-macbook-pro.home bind ok for port 50730. Socket is 3.
wall_master : on port 50730 wait a client...
inlib::inet_socket:::accept : on host : guys-macbook-pro.home accept ok. Socket is 5.
2018-12-15 21:31:42.012 wall_screen_Cocoa[7863:1299528] inlib::inet_socket:::connect : on host : guys-macbook-pro.home connect to guys-macbook-pro.home on port 50730 ok. Socket is 3.
2018-12-15 21:31:42.012 wall_screen_Cocoa[7863:1299528] wall::screen_client::initialize : fetch index for (0,0) ...
2018-12-15 21:31:42.012 wall_screen_Cocoa[7863:1299528] wall::screen_client::initialize : index 0 on host guys-macbook-pro.home.
2018-12-15 21:31:42.012 wall_screen_Cocoa[7863:1299528] wall::screen_client::initialize : end for (0,0) and index 0
wall_master : on port 50730 got client (0,0).
wall_master : got all screens.
wall_master : send to screens DOCUMENT "" ...
2018-12-15 21:31:42.012 wall_screen_Cocoa[7863:1299528] wall_screen : document is "/tmp/wall_screen_7863_000000".
2018-12-15 21:31:42.736 wall_screen_Cocoa[7863:1299528] exlib::sg::GL_manager::end_render : we have gl errors :
2018-12-15 21:31:42.736 wall_screen_Cocoa[7863:1299528] 0x506
2018-12-15 21:31:43.403 wall_screen_Cocoa[7863:1299528] exlib::sg::GL_manager::end_render : we have gl errors :
2018-12-15 21:31:43.403 wall_screen_Cocoa[7863:1299528] 0x506
win_delegate::get_nsevent : xxxx : 14
win_delegate::get_nsevent : xxxx : 13
win_delegate::get_nsevent : xxxx : 13
win_delegate::get_nsevent : xxxx : 8
win_delegate::get_nsevent : xxxx : 9
win_delegate::get_nsevent : xxxx : 5
win_delegate::get_nsevent : xxxx : 8
win_delegate::get_nsevent : xxxx : 8
win_delegate::get_nsevent : xxxx : 9
win_delegate::get_nsevent : xxxx : 9
win_delegate::get_nsevent : xxxx : 8
win_delegate::get_nsevent : xxxx : 5
win_delegate::get_nsevent : xxxx : 5
win_delegate::get_nsevent : xxxx : 5
win_delegate::get_nsevent : xxxx : 5
win_delegate::get_nsevent : xxxx : 5
win_delegate::get_nsevent : xxxx : 5
win_delegate::get_nsevent : xxxx : 5
win_delegate::get_nsevent : xxxx : 5
win_delegate::get_nsevent : xxxx : 5
win_delegate::get_nsevent : xxxx : 5
win_delegate::get_nsevent : xxxx : 5
win_delegate::get_nsevent : xxxx : 5
win_delegate::get_nsevent : xxxx : 5
win_delegate::get_nsevent : xxxx : 5
win_delegate::get_nsevent : xxxx : 5
win_delegate::get_nsevent : xxxx : 5
win_delegate::get_nsevent : xxxx : 5
win_delegate::get_nsevent : xxxx : 5
win_delegate::get_nsevent : xxxx : 5
win_delegate::get_nsevent : xxxx : 5
win_delegate::get_nsevent : xxxx : 5
win_delegate::get_nsevent : xxxx : 5
win_delegate::get_nsevent : xxxx : 5
win_delegate::get_nsevent : xxxx : 5
win_delegate::get_nsevent : xxxx : 5
win_delegate::get_nsevent : xxxx : 5
win_delegate::get_nsevent : xxxx : 5
win_delegate::get_nsevent : xxxx : 5
win_delegate::get_nsevent : xxxx : 5
win_delegate::get_nsevent : xxxx : 5
win_delegate::get_nsevent : xxxx : 5
win_delegate::get_nsevent : xxxx : 5
win_delegate::get_nsevent : xxxx : 5
win_delegate::get_nsevent : xxxx : 5
win_delegate::get_nsevent : xxxx : 5
win_delegate::get_nsevent : xxxx : 5
win_delegate::get_nsevent : xxxx : 5
win_delegate::get_nsevent : xxxx : 5
win_delegate::get_nsevent : xxxx : 5
win_delegate::get_nsevent : xxxx : 5
win_delegate::get_nsevent : xxxx : 5
win_delegate::get_nsevent : xxxx : 5
win_delegate::get_nsevent : xxxx : 5
win_delegate::get_nsevent : xxxx : 5
win_delegate::get_nsevent : xxxx : 5
win_delegate::get_nsevent : xxxx : 5
win_delegate::get_nsevent : xxxx : 5
win_delegate::get_nsevent : xxxx : 5
win_delegate::get_nsevent : xxxx : 5
win_delegate::get_nsevent : xxxx : 5
win_delegate::get_nsevent : xxxx : 5
win_delegate::get_nsevent : xxxx : 5
win_delegate::get_nsevent : xxxx : 5
win_delegate::get_nsevent : xxxx : 9
win_delegate::get_nsevent : xxxx : 5
win_delegate::get_nsevent : xxxx : 13
win_delegate::get_nsevent : xxxx : 13
win_delegate::get_nsevent : xxxx : 1
win_delegate::get_nsevent : xxxx : 6
win_delegate::get_nsevent : xxxx : 34
win_delegate::get_nsevent : xxxx : 34
win_delegate::get_nsevent : xxxx : 34
win_delegate::get_nsevent : xxxx : 34
win_delegate::get_nsevent : xxxx : 34
win_delegate::get_nsevent : xxxx : 34
win_delegate::get_nsevent : xxxx : 34
win_delegate::get_nsevent : xxxx : 34
win_delegate::get_nsevent : xxxx : 34
win_delegate::get_nsevent : xxxx : 34
win_delegate::get_nsevent : xxxx : 34
win_delegate::get_nsevent : xxxx : 34
win_delegate::get_nsevent : xxxx : 34
win_delegate::get_nsevent : xxxx : 34
win_delegate::get_nsevent : xxxx : 34
win_delegate::get_nsevent : xxxx : 34
win_delegate::get_nsevent : xxxx : 34
win_delegate::get_nsevent : xxxx : 34
win_delegate::get_nsevent : xxxx : 14
win_delegate::get_nsevent : xxxx : 2
win_delegate::get_nsevent : xxxx : 13
win_delegate::get_nsevent : xxxx : 2
win_delegate::get_nsevent : xxxx : 34
win_delegate::get_nsevent : xxxx : 5
win_delegate::get_nsevent : xxxx : 5
win_delegate::get_nsevent : xxxx : 5
win_delegate::get_nsevent : xxxx : 5
win_delegate::get_nsevent : xxxx : 8
win_delegate::get_nsevent : xxxx : 5
win_delegate::get_nsevent : xxxx : 5
win_delegate::get_nsevent : xxxx : 5
win_delegate::get_nsevent : xxxx : 5
win_delegate::get_nsevent : xxxx : 5
win_delegate::get_nsevent : xxxx : 5
win_delegate::get_nsevent : xxxx : 5
win_delegate::get_nsevent : xxxx : 5
win_delegate::get_nsevent : xxxx : 5
win_delegate::get_nsevent : xxxx : 5
win_delegate::get_nsevent : xxxx : 5
win_delegate::get_nsevent : xxxx : 5
win_delegate::get_nsevent : xxxx : 5
win_delegate::get_nsevent : xxxx : 5
win_delegate::get_nsevent : xxxx : 5
win_delegate::get_nsevent : xxxx : 5
win_delegate::get_nsevent : xxxx : 5
win_delegate::get_nsevent : xxxx : 5
win_delegate::get_nsevent : xxxx : 5
win_delegate::get_nsevent : xxxx : 5
win_delegate::get_nsevent : xxxx : 5
win_delegate::get_nsevent : xxxx : 5
win_delegate::get_nsevent : xxxx : 5
win_delegate::get_nsevent : xxxx : 5
win_delegate::get_nsevent : xxxx : 5
win_delegate::get_nsevent : xxxx : 5
win_delegate::get_nsevent : xxxx : 5
win_delegate::get_nsevent : xxxx : 5
win_delegate::get_nsevent : xxxx : 5
win_delegate::get_nsevent : xxxx : 5
win_delegate::get_nsevent : xxxx : 5
win_delegate::get_nsevent : xxxx : 5
win_delegate::get_nsevent : xxxx : 5
win_delegate::get_nsevent : xxxx : 5
win_delegate::get_nsevent : xxxx : 5
win_delegate::get_nsevent : xxxx : 5
win_delegate::get_nsevent : xxxx : 5
win_delegate::get_nsevent : xxxx : 5
win_delegate::get_nsevent : xxxx : 5
win_delegate::get_nsevent : xxxx : 5
win_delegate::get_nsevent : xxxx : 5
win_delegate::get_nsevent : xxxx : 5
win_delegate::get_nsevent : xxxx : 5
win_delegate::get_nsevent : xxxx : 5
win_delegate::get_nsevent : xxxx : 5
win_delegate::get_nsevent : xxxx : 14
win_delegate::get_nsevent : xxxx : 1
win_delegate::get_nsevent : xxxx : 34
win_delegate::get_nsevent : xxxx : 34
win_delegate::get_nsevent : xxxx : 34
win_delegate::get_nsevent : xxxx : 34
win_delegate::get_nsevent : xxxx : 34
win_delegate::get_nsevent : xxxx : 34
win_delegate::get_nsevent : xxxx : 34
win_delegate::get_nsevent : xxxx : 34
win_delegate::get_nsevent : xxxx : 34
win_delegate::get_nsevent : xxxx : 34
win_delegate::get_nsevent : xxxx : 34
win_delegate::get_nsevent : xxxx : 34
win_delegate::get_nsevent : xxxx : 34
win_delegate::get_nsevent : xxxx : 34
win_delegate::get_nsevent : xxxx : 34
win_delegate::get_nsevent : xxxx : 34
win_delegate::get_nsevent : xxxx : 34
win_delegate::get_nsevent : xxxx : 34
win_delegate::get_nsevent : xxxx : 34
win_delegate::get_nsevent : xxxx : 34
win_delegate::get_nsevent : xxxx : 34
win_delegate::get_nsevent : xxxx : 34
win_delegate::get_nsevent : xxxx : 34
win_delegate::get_nsevent : xxxx : 34
win_delegate::get_nsevent : xxxx : 34
win_delegate::get_nsevent : xxxx : 34
win_delegate::get_nsevent : xxxx : 34
win_delegate::get_nsevent : xxxx : 34
win_delegate::get_nsevent : xxxx : 34
win_delegate::get_nsevent : xxxx : 34
win_delegate::get_nsevent : xxxx : 34
win_delegate::get_nsevent : xxxx : 34
win_delegate::get_nsevent : xxxx : 34
win_delegate::get_nsevent : xxxx : 34
win_delegate::get_nsevent : xxxx : 34
win_delegate::get_nsevent : xxxx : 34
win_delegate::get_nsevent : xxxx : 34
win_delegate::get_nsevent : xxxx : 34
win_delegate::get_nsevent : xxxx : 34
win_delegate::get_nsevent : xxxx : 34
win_delegate::get_nsevent : xxxx : 34
win_delegate::get_nsevent : xxxx : 34
win_delegate::get_nsevent : xxxx : 34
win_delegate::get_nsevent : xxxx : 34
win_delegate::get_nsevent : xxxx : 34
win_delegate::get_nsevent : xxxx : 34
win_delegate::get_nsevent : xxxx : 34
win_delegate::get_nsevent : xxxx : 34
win_delegate::get_nsevent : xxxx : 34
win_delegate::get_nsevent : xxxx : 34
win_delegate::get_nsevent : xxxx : 34
win_delegate::get_nsevent : xxxx : 34
win_delegate::get_nsevent : xxxx : 34
win_delegate::get_nsevent : xxxx : 34
win_delegate::get_nsevent : xxxx : 34
win_delegate::get_nsevent : xxxx : 34
win_delegate::get_nsevent : xxxx : 34
win_delegate::get_nsevent : xxxx : 34
win_delegate::get_nsevent : xxxx : 34
win_delegate::get_nsevent : xxxx : 34
win_delegate::get_nsevent : xxxx : 34
win_delegate::get_nsevent : xxxx : 34
win_delegate::get_nsevent : xxxx : 34
win_delegate::get_nsevent : xxxx : 6
win_delegate::get_nsevent : xxxx : 34
win_delegate::get_nsevent : xxxx : 34
win_delegate::get_nsevent : xxxx : 34
win_delegate::get_nsevent : xxxx : 34
win_delegate::get_nsevent : xxxx : 34
win_delegate::get_nsevent : xxxx : 34
win_delegate::get_nsevent : xxxx : 34
win_delegate::get_nsevent : xxxx : 34
win_delegate::get_nsevent : xxxx : 34
win_delegate::get_nsevent :2018-12-15 21:31:48.118 wall_master_Cocoa[7862:1299526] win_delegate::get_nsevent : NSEventTypeApplicationDefined : 8888 unknown
2018-12-15 21:31:49.687 wall_master_Cocoa[7862:1299526] win_delegate::get_nsevent : NSEventTypeApplicationDefined : 8888 unknown
 xxxx : 34
win_delegate::get_nsevent : xxxx : 34
win_delegate::get_nsevent : xxxx : 34
win_delegate::get_nsevent : xxxx : 34
win_delegate::get_nsevent : xxxx : 34
win_delegate::get_nsevent : xxxx : 34
win_delegate::get_nsevent : xxxx : 34
win_delegate::get_nsevent : xxxx : 34
win_delegate::get_nsevent : xxxx : 34
win_delegate::get_nsevent : xxxx : 34
win_delegate::get_nsevent : xxxx : 34
win_delegate::get_nsevent : xxxx : 34
win_delegate::get_nsevent : xxxx : 34
win_delegate::get_nsevent : xxxx : 34
win_delegate::get_nsevent : xxxx : 34
win_delegate::get_nsevent : xxxx : 34
win_delegate::get_nsevent : xxxx : 34
win_delegate::get_nsevent : xxxx : 34
win_delegate::get_nsevent : xxxx : 34
win_delegate::get_nsevent : xxxx : 34
win_delegate::get_nsevent : xxxx : 34
win_delegate::get_nsevent : xxxx : 34
win_delegate::get_nsevent : xxxx : 34
win_delegate::get_nsevent : xxxx : 34
win_delegate::get_nsevent : xxxx : 34
win_delegate::get_nsevent : xxxx : 6
win_delegate::get_nsevent : xxxx : 34
win_delegate::get_nsevent : xxxx : 6
win_delegate::get_nsevent : xxxx : 34
win_delegate::get_nsevent : xxxx : 6
win_delegate::get_nsevent : xxxx : 34
win_delegate::get_nsevent : xxxx : 6
win_delegate::get_nsevent : xxxx : 34
win_delegate::get_nsevent : xxxx : 34
win_delegate::get_nsevent : xxxx : 14
win_delegate::get_nsevent : xxxx : 2
win_delegate::get_nsevent : xxxx : 34
win_delegate::get_nsevent : xxxx : 14
win_delegate::get_nsevent : xxxx : 1
win_delegate::get_nsevent : xxxx : 34
win_delegate::get_nsevent : xxxx : 34
win_delegate::get_nsevent : xxxx : 34
win_delegate::get_nsevent : xxxx : 34
win_delegate::get_nsevent : xxxx : 34
win_delegate::get_nsevent : xxxx : 34
win_delegate::get_nsevent : xxxx : 34
win_delegate::get_nsevent : xxxx : 34
win_delegate::get_nsevent : xxxx : 34
win_delegate::get_nsevent : xxxx : 34
win_delegate::get_nsevent : xxxx : 34
win_delegate::get_nsevent : xxxx : 34
win_delegate::get_nsevent : xxxx : 34
win_delegate::get_nsevent : xxxx : 34
win_delegate::get_nsevent : xxxx : 34
win_delegate::get_nsevent : xxxx : 34
win_delegate::get_nsevent : xxxx : 34
win_delegate::get_nsevent : xxxx : 34
win_delegate::get_nsevent : xxxx : 34
win_delegate::get_nsevent : xxxx : 34
win_delegate::get_nsevent : xxxx : 34
win_delegate::get_nsevent : xxxx : 34
win_delegate::get_nsevent : xxxx : 34
win_delegate::get_nsevent : xxxx : 34
win_delegate::get_nsevent : xxxx : 34
win_delegate::get_nsevent : xxxx : 34
win_delegate::get_nsevent : xxxx : 34
win_delegate::get_nsevent : xxxx : 34
win_delegate::get_nsevent : xxxx : 34
win_delegate::get_nsevent : xxxx : 34
win_delegate::get_nsevent : xxxx : 34
win_delegate::get_nsevent : xxxx : 34
win_delegate::get_nsevent : xxxx : 34
win_delegate::get_nsevent : xxxx : 34
win_delegate::get_nsevent : xxxx : 34
win_delegate::get_nsevent : xxxx : 34
win_delegate::get_nsevent : xxxx : 34
win_delegate::get_nsevent : xxxx : 34
win_delegate::get_nsevent : xxxx : 34
win_delegate::get_nsevent : xxxx : 34
win_delegate::get_nsevent : xxxx : 34
win_delegate::get_nsevent : xxxx : 34
win_delegate::get_nsevent : xxxx : 34
win_delegate::get_nsevent : xxxx : 6
win_delegate::get_nsevent : xxxx : 34
win_delegate::get_nsevent : xxxx : 34
win_delegate::get_nsevent : xxxx : 14
win_delegate::get_nsevent : xxxx : 2
win_delegate::get_nsevent : xxxx : 34
win_delegate::get_nsevent : xxxx : 5
master : WARNING : pick clients active but receiving an unexpected event :
win_delegate::get_nsevent : xxxx : 5
win_delegate::get_nsevent : xxxx : 5
win_delegate::get_nsevent : xxxx : 5
win_delegate::get_nsevent : xxxx : 5
win_delegate::get_nsevent : xxxx : 5
win_delegate::get_nsevent : xxxx : 5
win_delegate::get_nsevent : xxxx : 5
win_delegate::get_nsevent : xxxx : 5
win_delegate::get_nsevent : xxxx : 5
win_delegate::get_nsevent : xxxx : 5
win_delegate::get_nsevent : xxxx : 5
win_delegate::get_nsevent : xxxx : 5
win_delegate::get_nsevent : xxxx : 5
win_delegate::get_nsevent : xxxx : 5
win_delegate::get_nsevent : xxxx : 5
win_delegate::get_nsevent : xxxx : 5
win_delegate::get_nsevent : xxxx : 5
win_delegate::get_nsevent : xxxx : 5
win_delegate::get_nsevent : xxxx : 5
win_delegate::get_nsevent : xxxx : 5
win_delegate::get_nsevent : xxxx : 5
win_delegate::get_nsevent : xxxx : 5
win_delegate::get_nsevent : xxxx : 5
win_delegate::get_nsevent : xxxx : 5
win_delegate::get_nsevent : xxxx : 5
win_delegate::get_nsevent : xxxx : 5
win_delegate::get_nsevent : xxxx : 5
win_delegate::get_nsevent : xxxx : 5
win_delegate::get_nsevent : xxxx : 5
win_delegate::get_nsevent : xxxx : 5
win_delegate::get_nsevent : xxxx : 5
win_delegate::get_nsevent : xxxx : 5
win_delegate::get_nsevent : xxxx : 5
win_delegate::get_nsevent : xxxx : 5
win_delegate::get_nsevent : xxxx : 5
win_delegate::get_nsevent : xxxx : 5
win_delegate::get_nsevent : xxxx : 5
win_delegate::get_nsevent : xxxx : 5
win_delegate::get_nsevent : xxxx : 5
win_delegate::get_nsevent : xxxx : 5
win_delegate::get_nsevent : xxxx : 5
win_delegate::get_nsevent : xxxx : 5
win_delegate::get_nsevent : xxxx : 5
win_delegate::get_nsevent : xxxx : 5
win_delegate::get_nsevent : xxxx : 5
win_delegate::get_nsevent : xxxx : 5
win_delegate::get_nsevent : xxxx : 9
win_delegate::get_nsevent : xxxx : 5
win_delegate::get_nsevent : xxxx : 5
win_delegate::get_nsevent : xxxx : 5
win_delegate::get_nsevent : xxxx : 5
win_delegate::get_nsevent : xxxx : 8
win_delegate::get_nsevent : xxxx : 8
win_delegate::get_nsevent : xxxx : 5
win_delegate::get_nsevent : xxxx : 5
win_delegate::get_nsevent : xxxx : 5
win_delegate::get_nsevent : xxxx : 5
win_delegate::get_nsevent : xxxx : 5
win_delegate::get_nsevent : xxxx : 5
win_delegate::get_nsevent : xxxx : 5
win_delegate::get_nsevent : xxxx : 5
win_delegate::get_nsevent : xxxx : 5
win_delegate::get_nsevent : xxxx : 5
win_delegate::get_nsevent : xxxx : 5
win_delegate::get_nsevent : xxxx : 5
win_delegate::get_nsevent : xxxx : 5
win_delegate::get_nsevent : xxxx : 5
win_delegate::get_nsevent : xxxx : 5
win_delegate::get_nsevent : xxxx : 5
win_delegate::get_nsevent : xxxx : 5
win_delegate::get_nsevent : xxxx : 5
win_delegate::get_nsevent : xxxx : 5
win_delegate::get_nsevent : xxxx : 5
win_delegate::get_nsevent : xxxx : 5
win_delegate::get_nsevent : xxxx : 5
win_delegate::get_nsevent : xxxx : 5
win_delegate::get_nsevent : xxxx : 5
win_delegate::get_nsevent : xxxx : 5
win_delegate::get_nsevent : xxxx : 5
win_delegate::get_nsevent : xxxx : 5
win_delegate::get_nsevent : xxxx : 5
win_delegate::get_nsevent : xxxx : 5
win_delegate::get_nsevent : xxxx : 5
win_delegate::get_nsevent : xxxx : 5
win_delegate::get_nsevent : xxxx : 5
win_delegate::get_nsevent : xxxx : 14
win_delegate::get_nsevent : xxxx : 1
inlib::base_socket::close : shutdown() ok. Socket was 5.
wall_master : exit ...
