wall/run : WALL_MASTER_DOCUMENT 
wall/run : WALL_MASTER_ACCEPT_TIMEOUT 20
wall/run : WALL_MASTER_DATA_CLIENT_PORT 50800
wall/run : WALL_MASTER_PORT 50730
wall/run : WALL_MASTER_HOST guys-macbook-pro.home
warning : run /usr/local/wall/1.23.0/bin/wall_master_Cocoa.app/Contents/MacOS/wall_master_Cocoa &
starting screen program (0,0) on not_used with port 50730, monitor 0, full_screen 0...
window_y 550
2018-12-15 21:38:09.301 wall_master_Cocoa[8251:1303854] debug : wall_master_Cocoa : 032
wall_master : arg host is "guys-macbook-pro.home".
wall_master : port is 50730.
inlib::inet_socket:::bind : host : "guys-macbook-pro.home".
2018-12-15 21:38:09.302 wall_screen_Cocoa[8252:1303856] wall_screen : monitor is 0.
2018-12-15 21:38:09.303 wall_screen_Cocoa[8252:1303856] wall::screen_client::initialize : master_host is "guys-macbook-pro.home".
2018-12-15 21:38:09.303 wall_screen_Cocoa[8252:1303856] wall::screen_client::initialize : port is 50730.
inlib::inet_socket:::bind : on host : guys-macbook-pro.home socket is bound on port 50730.
inlib::inet_socket:::bind : on host : guys-macbook-pro.home bind ok for port 50730. Socket is 3.
wall_master : on port 50730 wait a client...
inlib::inet_socket:::accept : on host : guys-macbook-pro.home accept ok. Socket is 5.
2018-12-15 21:38:09.412 wall_screen_Cocoa[8252:1303856] inlib::inet_socket:::connect : on host : guys-macbook-pro.home connect to guys-macbook-pro.home on port 50730 ok. Socket is 3.
2018-12-15 21:38:09.412 wall_screen_Cocoa[8252:1303856] wall::screen_client::initialize : fetch index for (0,0) ...
2018-12-15 21:38:09.412 wall_screen_Cocoa[8252:1303856] wall::screen_client::initialize : index 0 on host guys-macbook-pro.home.
2018-12-15 21:38:09.412 wall_screen_Cocoa[8252:1303856] wall::screen_client::initialize : end for (0,0) and index 0
wall_master : on port 50730 got client (0,0).
wall_master : got all screens.
wall_master : send to screens DOCUMENT "" ...
2018-12-15 21:38:09.412 wall_screen_Cocoa[8252:1303856] wall_screen : document is "/tmp/wall_screen_8252_000000".
2018-12-15 21:38:10.136 wall_screen_Cocoa[8252:1303856] exlib::sg::GL_manager::end_render : we have gl errors :
2018-12-15 21:38:10.136 wall_screen_Cocoa[8252:1303856] 0x506
2018-12-15 21:38:12.527 wall_screen_Cocoa[8252:1303856] exlib::sg::GL_manager::end_render : we have gl errors :
2018-12-15 21:38:12.528 wall_screen_Cocoa[8252:1303856] 0x506
win_delegate::get_nsevent : yyyy : 14
win_delegate::get_nsevent : yyyy : 13
win_delegate::get_nsevent : yyyy : 13
win_delegate::get_nsevent : yyyy : 13
win_delegate::get_nsevent : yyyy : 13
win_delegate::get_nsevent : yyyy : 1
win_delegate::get_nsevent : yyyy : 34
win_delegate::get_nsevent : yyyy : 34
win_delegate::get_nsevent : yyyy : 34
win_delegate::get_nsevent : yyyy : 34
win_delegate::get_nsevent : yyyy : 34
win_delegate::get_nsevent : yyyy : 34
win_delegate::get_nsevent : yyyy : 34
win_delegate::get_nsevent : yyyy : 34
win_delegate::get_nsevent : yyyy : 34
win_delegate::get_nsevent : yyyy : 34
win_delegate::get_nsevent : yyyy : 34
win_delegate::get_nsevent : yyyy : 34
win_delegate::get_nsevent : yyyy : 34
win_delegate::get_nsevent : yyyy : 34
win_delegate::get_nsevent : yyyy : 14
win_delegate::get_nsevent : yyyy : 2
win_delegate::get_nsevent : yyyy : 13
win_delegate::get_nsevent : yyyy : 2
win_delegate::get_nsevent : yyyy : 34
win_delegate::get_nsevent : yyyy : 5
win_delegate::get_nsevent : yyyy : 5
win_delegate::get_nsevent : yyyy : 5
win_delegate::get_nsevent : yyyy : 5
win_delegate::get_nsevent : yyyy : 5
win_delegate::get_nsevent : yyyy : 5
win_delegate::get_nsevent : yyyy : 5
win_delegate::get_nsevent : yyyy : 5
win_delegate::get_nsevent : yyyy : 8
win_delegate::get_nsevent : yyyy : 5
win_delegate::get_nsevent : yyyy : 5
win_delegate::get_nsevent : yyyy : 5
win_delegate::get_nsevent : yyyy : 5
win_delegate::get_nsevent : yyyy : 5
win_delegate::get_nsevent : yyyy : 5
win_delegate::get_nsevent : yyyy : 5
win_delegate::get_nsevent : yyyy : 5
win_delegate::get_nsevent : yyyy : 5
win_delegate::get_nsevent : yyyy : 5
win_delegate::get_nsevent : yyyy : 5
win_delegate::get_nsevent : yyyy : 5
win_delegate::get_nsevent : yyyy : 5
win_delegate::get_nsevent : yyyy : 5
win_delegate::get_nsevent : yyyy : 5
win_delegate::get_nsevent : yyyy : 5
win_delegate::get_nsevent : yyyy : 5
win_delegate::get_nsevent : yyyy : 5
win_delegate::get_nsevent : yyyy : 5
win_delegate::get_nsevent : yyyy : 5
win_delegate::get_nsevent : yyyy : 5
win_delegate::get_nsevent : yyyy : 5
win_delegate::get_nsevent : yyyy : 5
win_delegate::get_nsevent : yyyy : 5
win_delegate::get_nsevent : yyyy : 5
win_delegate::get_nsevent : yyyy : 5
win_delegate::get_nsevent : yyyy : 5
win_delegate::get_nsevent : yyyy : 5
win_delegate::get_nsevent : yyyy : 5
win_delegate::get_nsevent : yyyy : 5
win_delegate::get_nsevent : yyyy : 5
win_delegate::get_nsevent : yyyy : 5
win_delegate::get_nsevent : yyyy : 5
win_delegate::get_nsevent : yyyy : 5
win_delegate::get_nsevent : yyyy : 5
win_delegate::get_nsevent : yyyy : 5
win_delegate::get_nsevent : yyyy : 5
win_delegate::get_nsevent : yyyy : 5
win_delegate::get_nsevent : yyyy : 5
win_delegate::get_nsevent : yyyy : 5
win_delegate::get_nsevent : yyyy : 5
win_delegate::get_nsevent : yyyy : 5
win_delegate::get_nsevent : yyyy : 5
win_delegate::get_nsevent : yyyy : 14
win_delegate::get_nsevent : yyyy : 1
win_delegate::get_nsevent : yyyy : 34
win_delegate::get_nsevent : yyyy : 34
win_delegate::get_nsevent : yyyy : 34
win_delegate::get_nsevent : yyyy : 34
win_delegate::get_nsevent : yyyy : 34
win_delegate::get_nsevent : yyyy : 34
win_delegate::get_nsevent : yyyy : 34
win_delegate::get_nsevent : yyyy : 34
win_delegate::get_nsevent : yyyy : 34
win_delegate::get_nsevent : yyyy : 34
win_delegate::get_nsevent : yyyy : 34
win_delegate::get_nsevent : yyyy : 34
win_delegate::get_nsevent : yyyy : 34
win_delegate::get_nsevent : yyyy : 34
win_delegate::get_nsevent : yyyy : 34
win_delegate::get_nsevent : yyyy : 34
win_delegate::get_nsevent : yyyy : 34
win_delegate::get_nsevent : yyyy : 34
win_delegate::get_nsevent : yyyy : 34
win_delegate::get_nsevent : yyyy : 34
win_delegate::get_nsevent : yyyy : 34
win_delegate::get_nsevent : yyyy : 34
win_delegate::get_nsevent : yyyy : 34
win_delegate::get_nsevent : yyyy : 34
win_delegate::get_nsevent : yyyy : 34
win_delegate::get_nsevent : yyyy : 34
win_delegate::get_nsevent : yyyy : 34
win_delegate::get_nsevent : yyyy : 34
win_delegate::get_nsevent : yyyy : 34
win_delegate::get_nsevent : yyyy : 34
win_delega2018-12-15 21:38:14.607 wall_master_Cocoa[8251:1303854] win_delegate::get_nsevent : NSEventTypeApplicationDefined : 8888 unknown
te::get_nsevent : yyyy : 34
win_delegate::get_nsevent : yyyy : 34
win_delegate::get_nsevent : yyyy : 34
win_delegate::get_nsevent : yyyy : 34
win_delegate::get_nsevent : yyyy : 34
win_delegate::get_nsevent : yyyy : 34
win_delegate::get_nsevent : yyyy : 34
win_delegate::get_nsevent : yyyy : 34
win_delegate::get_nsevent : yyyy : 34
win_delegate::get_nsevent : yyyy : 34
win_delegate::get_nsevent : yyyy : 34
win_delegate::get_nsevent : yyyy : 34
win_delegate::get_nsevent : yyyy : 34
win_delegate::get_nsevent : yyyy : 34
win_delegate::get_nsevent : yyyy : 34
win_delegate::get_nsevent : yyyy : 34
win_delegate::get_nsevent : yyyy : 34
win_delegate::get_nsevent : yyyy : 34
win_delegate::get_nsevent : yyyy : 34
win_delegate::get_nsevent : yyyy : 34
win_delegate::get_nsevent : yyyy : 34
win_delegate::get_nsevent : yyyy : 34
win_delegate::get_nsevent : yyyy : 34
win_delegate::get_nsevent : yyyy : 34
win_delegate::get_nsevent : yyyy : 34
win_delegate::get_nsevent : yyyy : 34
win_delegate::get_nsevent : yyyy : 34
win_delegate::get_nsevent : yyyy : 34
win_delegate::get_nsevent : yyyy : 34
win_delegate::get_nsevent : yyyy : 34
win_delegate::get_nsevent : yyyy : 34
win_delegate::get_nsevent : yyyy : 34
win_delegate::get_nsevent : yyyy : 34
win_delegate::get_nsevent : yyyy : 34
win_delegate::get_nsevent : yyyy : 34
win_delegate::get_nsevent : yyyy : 34
win_delegate::get_nsevent : yyyy : 34
win_delegate::get_nsevent : yyyy : 34
win_delegate::get_nsevent : yyyy : 34
win_delegate::get_nsevent : yyyy : 34
win_delegate::get_nsevent : yyyy : 34
win_delegate::get_nsevent : yyyy : 34
win_delegate::get_nsevent : yyyy : 34
win_delegate::get_nsevent : yyyy : 34
win_delegate::get_nsevent : yyyy : 34
win_delegate::get_nsevent : yyyy : 34
win_delegate::get_nsevent : yyyy : 34
win_delegate::get_nsevent : yyyy : 34
win_delegate::get_nsevent : yyyy : 34
win_delegate::get_nsevent : yyyy : 34
win_delegate::get_nsevent : yyyy : 34
win_delegate::get_nsevent : yyyy : 34
win_delegate::get_nsevent : yyyy : 34
win_delegate::get_nsevent : yyyy : 34
win_delegate::get_nsevent : yyyy : 34
win_delegate::get_nsevent : yyyy : 34
win_delegate::get_nsevent : yyyy : 34
win_delegate::get_nsevent : yyyy : 34
win_delegate::get_nsevent : yyyy : 34
win_delegate::get_nsevent : yyyy : 34
win_delegate::get_nsevent : yyyy : 34
win_delegate::get_nsevent : yyyy : 34
win_delegate::get_nsevent : yyyy : 34
win_delegate::get_nsevent : yyyy : 34
win_delegate::get_nsevent : yyyy : 34
win_delegate::get_nsevent : yyyy : 34
win_delegate::get_nsevent : yyyy : 34
win_delegate::get_nsevent : yyyy : 34
win_delegate::get_nsevent : yyyy : 34
win_delegate::get_nsevent : yyyy : 34
win_delegate::get_nsevent : yyyy : 34
win_delegate::get_nsevent : yyyy : 34
win_delegate::get_nsevent : yyyy : 34
win_delegate::get_nsevent : yyyy : 34
win_delegate::get_nsevent : yyyy : 34
win_delegate::get_nsevent : yyyy : 34
win_delegate::get_nsevent : yyyy : 34
win_delegate::get_nsevent : yyyy : 34
win_delegate::get_nsevent : yyyy : 34
win_delegate::get_nsevent : yyyy : 34
win_delegate::get_nsevent : yyyy : 34
win_delegate::get_nsevent : yyyy : 34
win_delegate::get_nsevent : yyyy : 34
win_delegate::get_nsevent : yyyy : 34
win_delegate::get_nsevent : yyyy : 34
win_delegate::get_nsevent : yyyy : 34
win_delegate::get_nsevent : yyyy : 34
win_delegate::get_nsevent : yyyy : 34
win_delegate::get_nsevent : yyyy : 34
win_delegate::get_nsevent : yyyy : 34
win_delegate::get_nsevent : yyyy : 34
win_delegate::get_nsevent : yyyy : 34
win_delegate::get_nsevent : yyyy : 34
win_delegate::get_nsevent : yyyy : 34
win_delegate::get_nsevent : yyyy : 14
win_delegate::get_nsevent : yyyy : 2
win_delegate::get_nsevent : yyyy : 34
win_delegate::get_nsevent : yyyy : 5
win_delegate::get_nsevent : yyyy : 5
win_delegate::get_nsevent : yyyy : 5
win_delegate::get_nsevent : yyyy : 5
win_delegate::get_nsevent : yyyy : 5
win_delegate::get_nsevent : yyyy : 5
win_delegate::get_nsevent : yyyy : 5
win_delegate::get_nsevent : yyyy : 5
win_delegate::get_nsevent : yyyy : 5
win_delegate::get_nsevent : yyyy : 5
win_delegate::get_nsevent : yyyy : 5
win_delegate::get_nsevent : yyyy : 5
win_delegate::get_nsevent : yyyy : 5
win_delegate::get_nsevent : yyyy : 5
win_delegate::get_nsevent : yyyy : 5
win_delegate::get_nsevent : yyyy : 5
win_delegate::get_nsevent : yyyy : 5
win_delegate::get_nsevent : yyyy : 5
win_delegate::get_nsevent : yyyy : 5
win_delegate::get_nsevent : yyyy : 5
win_delegate::get_nsevent : yyyy : 5
win_delegate::get_nsevent : yyyy : 5
win_delegate::get_nsevent : yyyy : 5
win_delegate::get_nsevent : yyyy : 5
win_delegate::get_nsevent : yyyy : 5
win_delegate::get_nsevent : yyyy : 5
win_delegate::get_nsevent : yyyy : 5
win_delegate::get_nsevent : yyyy : 5
win_delegate::get_nsevent : yyyy : 5
win_delegate::get_nsevent : yyyy : 5
win_delegate::get_nsevent : yyyy : 5
win_delegate::get_nsevent : yyyy : 5
win_delegate::get_nsevent : yyyy : 5
win_delegate::get_nsevent : yyyy : 5
win_delegate::get_nsevent : yyyy : 5
win_delegate::get_nsevent : yyyy : 5
win_delegate::get_nsevent : yyyy : 5
win_delegate::get_nsevent : yyyy : 5
win_delegate::get_nsevent : yyyy : 5
win_delegate::get_nsevent : yyyy : 5
win_delegate::get_nsevent : yyyy : 5
win_delegate::get_nsevent : yyyy : 5
win_delegate::get_nsevent : yyyy : 5
win_delegate::get_nsevent : yyyy : 5
win_delegate::get_nsevent : yyyy : 5
win_delegate::get_nsevent : yyyy : 5
win_delegate::get_nsevent : yyyy : 5
win_delegate::get_nsevent : yyyy : 5
win_delegate::get_nsevent : yyyy : 5
win_delegate::get_nsevent : yyyy : 5
win_delegate::get_nsevent : yyyy : 5
win_delegate::get_nsevent : yyyy : 5
win_delegate::get_nsevent : yyyy : 5
win_delegate::get_nsevent : yyyy : 5
win_delegate::get_nsevent : yyyy : 5
win_delegate::get_nsevent : yyyy : 5
win_delegate::get_nsevent : yyyy : 5
win_delegate::get_nsevent : yyyy : 5
win_delegate::get_nsevent : yyyy : 5
win_delegate::get_nsevent : yyyy : 5
win_delegate::get_nsevent : yyyy : 5
win_delegate::get_nsevent : yyyy : 5
win_delegate::get_nsevent : yyyy : 5
win_delegate::get_nsevent : yyyy : 9
win_delegate::get_nsevent : yyyy : 5
win_delegate::get_nsevent : yyyy : 5
win_delegate::get_nsevent : yyyy : 5
win_delegate::get_nsevent : yyyy : 5
win_delegate::get_nsevent : yyyy : 8
win_delegate::get_nsevent : yyyy : 8
win_delegate::get_nsevent : yyyy : 5
win_delegate::get_nsevent : yyyy : 5
win_delegate::get_nsevent : yyyy : 5
win_delegate::get_nsevent : yyyy : 5
win_delegate::get_nsevent : yyyy : 5
win_delegate::get_nsevent : yyyy : 5
win_delegate::get_nsevent : yyyy : 5
win_delegate::get_nsevent : yyyy : 5
win_delegate::get_nsevent : yyyy : 5
win_delegate::get_nsevent : yyyy : 5
win_delegate::get_nsevent : yyyy : 5
win_delegate::get_nsevent : yyyy : 5
win_delegate::get_nsevent : yyyy : 5
win_delegate::get_nsevent : yyyy : 5
win_delegate::get_nsevent : yyyy : 5
win_delegate::get_nsevent : yyyy : 5
win_delegate::get_nsevent : yyyy : 14
win_delegate::get_nsevent : yyyy : 1
inlib::base_socket::close : shutdown() ok. Socket was 5.
wall_master : exit ...
